build/app/outputs/mapping/release/seeds.txt
com.mhdalaabg.ecommerce_app.MainActivity
com.mhdalaabg.ecommerce_app.MainActivity: MainActivity()
...
androidx.appcompat.widget.ActionMenuView$MenuBuilderCallback: ActionMenuView$MenuBuilderCallback(androidx.appcompat.widget.ActionMenuView)
io.grpc.internal.GrpcUtil: boolean isGrpcContentType(java.lang.String)
com.google.android.gms.common.api.internal.zza: void onActivityResult(int,int,android.content.Intent)
io.flutter.embedding.android.FlutterActivity: FlutterActivity()
com.google.firebase.platforminfo.LibraryVersion: com.google.firebase.platforminfo.LibraryVersion create(java.lang.String,java.lang.String)
com.google.android.gms.internal.firebase-auth-api.zzce: com.google.android.gms.internal.firebase-auth-api.zzaar zzc(com.google.android.gms.internal.firebase-auth-api.zzym)
io.flutter.plugins.firebase.auth.FlutterFirebaseAuthPluginException: FlutterFirebaseAuthPluginException(java.lang.String,java.lang.String)
com.google.android.gms.common.api.Status: Status(int,java.lang.String)
com.google.android.gms.common.Feature: java.lang.String toString()
androidx.vectordrawable.graphics.drawable.AnimatedVectorDrawableCompat: void setColorFilter(int,android.graphics.PorterDuff$Mode)
com.google.common.io.BaseEncoding$StandardBaseEncoding: int decodeTo(byte[],java.lang.CharSequence)
com.google.firestore.v1.Target: com.google.firestore.v1.Target access$1600()
com.google.android.gms.internal.firebase-auth-api.zzib: com.google.android.gms.internal.firebase-auth-api.zzhy zzf()
com.google.zxing.common.BitMatrix: int hashCode()
androidx.appcompat.view.menu.MenuItemWrapperICS: boolean isActionViewExpanded()
io.grpc.okhttp.OkHttpClientTransport: io.grpc.Attributes access$1502(io.grpc.okhttp.OkHttpClientTransport,io.grpc.Attributes)
com.google.android.gms.internal.firebase-auth-api.zzxi: com.google.android.gms.internal.firebase-auth-api.zztz zza(java.lang.String)
com.google.firebase.firestore.core.ActivityScope: void lambda$onFragmentActivityStopCallOnce$1(androidx.fragment.app.FragmentActivity,java.lang.Runnable)
com.google.zxing.Dimension: int getHeight()
com.google.firebase.firestore.local.ReferenceSet: ReferenceSet()
androidx.appcompat.view.menu.MenuItemWrapperICS: int getAlphabeticModifiers()
com.google.android.gms.common.api.internal.zav: com.google.android.gms.common.ConnectionResult getConnectionResult(com.google.android.gms.common.api.Api)
io.flutter.plugins.googlesignin.GoogleSignInPlugin$Delegate: void finishWithSuccess(java.lang.Object)
com.google.android.gms.internal.firebase-auth-api.zznz: zznz(com.google.android.gms.internal.firebase-auth-api.zzpj,com.google.android.gms.internal.firebase-auth-api.zztb)
android.support.v4.media.session.MediaSessionCompat$Token: int hashCode()
com.google.android.gms.internal.firebase-auth-api.zzwk: zzwk(java.lang.String,java.lang.String,java.lang.String,long)
com.google.firebase.firestore.local.SQLiteMutationQueue$$Lambda$10: SQLiteMutationQueue$$Lambda$10()
androidx.collection.MapCollections$ValuesCollection: MapCollections$ValuesCollection(androidx.collection.MapCollections)
com.google.android.gms.common.api.internal.zaaf: void begin()
androidx.loader.content.Loader: java.lang.String toString()
com.facebook.internal.Utility: boolean isAutofillAvailable(android.content.Context)
com.google.android.gms.internal.firebase-auth-api.zzcs: com.google.android.gms.internal.firebase-auth-api.zzhn zzc()
com.google.android.gms.internal.firebase-auth-api.zzwm: zzwm()
androidx.fragment.app.Fragment$AnimationInfo: Fragment$AnimationInfo()
com.google.android.gms.internal.firebase-auth-api.zzyx: void zzh(int,long)
com.google.android.gms.common.data.DataHolder: android.os.Bundle getMetadata()
com.google.firebase.firestore.remote.RemoteSerializer: com.google.firebase.firestore.core.Bound decodeBound(com.google.firestore.v1.Cursor)
com.google.firestore.v1.StructuredQuery$CollectionSelector: void access$100(com.google.firestore.v1.StructuredQuery$CollectionSelector,java.lang.String)