build/app/outputs/mapping/release/mapping.txt
# compiler: R8
# compiler_version: 2.2.64
# min_api: 21
# pg_map_id: 4df2949
# common_typos_disable
...
com.facebook.FacebookRequestError -> com.facebook.l:
    java.lang.String errorMessage -> i
    java.lang.String errorType -> h
    java.lang.String errorUserMessage -> k
    org.json.JSONObject requestResultBody -> n
    java.lang.String errorUserTitle -> j
    java.lang.String errorRecoveryMessage -> l
    org.json.JSONObject requestResult -> m
    int errorCode -> f
    com.facebook.FacebookRequestError$Range HTTP_RANGE_SUCCESS -> c
    int subErrorCode -> g
    int requestStatusCode -> e
    com.facebook.FacebookRequestError$Category category -> d
    java.lang.Object batchRequestResult -> o
    java.net.HttpURLConnection connection -> p
    com.facebook.FacebookException exception -> q
    com.facebook.FacebookRequestError checkResponseAndCreateError(org.json.JSONObject,java.lang.Object,java.net.HttpURLConnection) -> a
    com.facebook.internal.FacebookRequestErrorClassification getErrorClassification() -> b
    int getErrorCode() -> c
    java.lang.String getErrorMessage() -> d
    java.lang.String getErrorType() -> e
    com.facebook.FacebookException getException() -> f
    int getRequestStatusCode() -> g
    int getSubErrorCode() -> i
com.facebook.FacebookRequestError$1 -> com.facebook.l$a:
    com.facebook.FacebookRequestError createFromParcel(android.os.Parcel) -> a
    com.facebook.FacebookRequestError[] newArray(int) -> b
com.facebook.FacebookRequestError$Category -> com.facebook.l$b:
    com.facebook.FacebookRequestError$Category TRANSIENT -> e
    com.facebook.FacebookRequestError$Category OTHER -> d
    com.facebook.FacebookRequestError$Category LOGIN_RECOVERABLE -> c
    com.facebook.FacebookRequestError$Category[] $VALUES -> f
com.facebook.FacebookRequestError$Range -> com.facebook.l$c:
    int end -> b
    int start -> a
    boolean contains(int) -> a
com.facebook.FacebookSdk -> com.facebook.m:
    java.lang.Boolean codelessDebugLogEnabled -> g
    int callbackRequestCodeOffset -> n
    java.lang.String appClientToken -> f
    java.lang.String facebookDomain -> h
    boolean isDebugEnabled -> j
    boolean isLegacyTokenUpgradeSupported -> k
    java.util.concurrent.Executor executor -> c
    java.util.concurrent.atomic.AtomicLong onProgressThreshold -> i
    com.facebook.internal.LockOnGetVariable cacheDir -> l
    java.lang.String graphApiVersion -> p
    java.lang.Object LOCK -> o
    java.lang.Boolean sdkInitialized -> q
    java.lang.Boolean sdkFullyInitialized -> r
    android.content.Context applicationContext -> m
    java.util.HashSet loggingBehaviors -> b
    java.lang.String TAG -> a
    java.lang.String applicationName -> e
    java.lang.String applicationId -> d
    void sdkInitialize(android.content.Context,com.facebook.FacebookSdk$InitializeCallback) -> A
    android.content.Context access$000() -> a
    java.lang.String access$100() -> b
    void fullyInitialize() -> c
    boolean getAdvertiserIDCollectionEnabled() -> d
    android.content.Context getApplicationContext() -> e
    java.lang.String getApplicationId() -> f
    boolean getAutoInitEnabled() -> g
    boolean getAutoLogAppEventsEnabled() -> h
    int getCallbackRequestCodeOffset() -> i
    java.lang.String getClientToken() -> j
    boolean getCodelessSetupEnabled() -> k
    java.util.concurrent.Executor getExecutor() -> l
com.facebook.FacebookSdk$1 -> com.facebook.m$a:
    java.io.File call() -> a
com.facebook.FacebookSdk$2 -> com.facebook.m$b:
    void onCompleted(boolean) -> a
com.facebook.FacebookSdk$3 -> com.facebook.m$c:
    void onCompleted(boolean) -> a
com.facebook.FacebookSdk$4 -> com.facebook.m$d:
    com.facebook.FacebookSdk$InitializeCallback val$callback -> a
    android.content.Context val$applicationContext -> b
    java.lang.Void call() -> a
com.facebook.FacebookSdk$5 -> com.facebook.m$e:
    android.content.Context val$applicationContext -> c
    java.lang.String val$applicationId -> d
com.facebook.FacebookSdk$InitializeCallback -> com.facebook.m$f:
    void onInitialized() -> a