build/app/outputs/mapping/release/usage.txt
com.mhdalaabg.ecommerce_app.BuildConfig
com.mhdalaabg.ecommerce_app.R$anim
com.mhdalaabg.ecommerce_app.R$attr
com.mhdalaabg.ecommerce_app.R$bool
com.mhdalaabg.ecommerce_app.R$color
com.mhdalaabg.ecommerce_app.R$dimen
com.mhdalaabg.ecommerce_app.R$drawable
com.mhdalaabg.ecommerce_app.R$id
com.mhdalaabg.ecommerce_app.R$integer
com.mhdalaabg.ecommerce_app.R$layout
com.mhdalaabg.ecommerce_app.R$mipmap
com.mhdalaabg.ecommerce_app.R$string
com.mhdalaabg.ecommerce_app.R$style
com.mhdalaabg.ecommerce_app.R$styleable
com.mhdalaabg.ecommerce_app.R
...
androidx.asynclayoutinflater.R$layout
androidx.asynclayoutinflater.R$string
androidx.asynclayoutinflater.R$style
androidx.asynclayoutinflater.R$styleable
androidx.asynclayoutinflater.R
androidx.asynclayoutinflater.view.AsyncLayoutInflater$1
androidx.asynclayoutinflater.view.AsyncLayoutInflater$BasicInflater
androidx.asynclayoutinflater.view.AsyncLayoutInflater$InflateRequest
androidx.asynclayoutinflater.view.AsyncLayoutInflater$InflateThread
androidx.asynclayoutinflater.view.AsyncLayoutInflater$OnInflateFinishedListener
androidx.asynclayoutinflater.view.AsyncLayoutInflater
androidx.browser.R$attr
androidx.browser.R$color
androidx.browser.R$dimen:
    public static final int compat_button_inset_horizontal_material
    public static final int compat_button_inset_vertical_material
    public static final int compat_button_padding_horizontal_material
    public static final int compat_button_padding_vertical_material
    public static final int compat_control_corner_material
    public static final int compat_notification_large_icon_max_height
    public static final int compat_notification_large_icon_max_width
    public static final int notification_action_icon_size
    public static final int notification_action_text_size
    public static final int notification_big_circle_margin
    public static final int notification_content_margin_start
    public static final int notification_large_icon_height
    public static final int notification_large_icon_width
    public static final int notification_main_column_padding_top
    public static final int notification_media_narrow_margin
    public static final int notification_right_icon_size
    public static final int notification_right_side_padding_top
    public static final int notification_small_icon_background_padding
    public static final int notification_small_icon_size_as_large
    public static final int notification_subtext_size
    public static final int notification_top_pad
    public static final int notification_top_pad_large_text
    private void <init>()
androidx.browser.R$drawable
androidx.browser.R$id
androidx.browser.R$integer
androidx.browser.R$layout
androidx.browser.R$string
androidx.browser.R$style
androidx.browser.R$styleable
androidx.browser.R
androidx.browser.browseractions.BrowserActionItem
androidx.browser.browseractions.BrowserActionsFallbackMenuAdapter$ViewHolderItem
androidx.browser.browseractions.BrowserActionsFallbackMenuAdapter
androidx.browser.browseractions.BrowserActionsFallbackMenuDialog$1
androidx.browser.browseractions.BrowserActionsFallbackMenuDialog
androidx.browser.browseractions.BrowserActionsFallbackMenuUi$1
androidx.browser.browseractions.BrowserActionsFallbackMenuUi$2
androidx.browser.browseractions.BrowserActionsFallbackMenuUi$BrowserActionsFallMenuUiListener
androidx.browser.browseractions.BrowserActionsFallbackMenuUi
androidx.browser.browseractions.BrowserActionsIntent$BrowserActionsFallDialogListener
androidx.browser.browseractions.BrowserActionsIntent$BrowserActionsItemId
androidx.browser.browseractions.BrowserActionsIntent$BrowserActionsUrlType
androidx.browser.browseractions.BrowserActionsIntent$Builder
androidx.browser.browseractions.BrowserActionsIntent
androidx.browser.customtabs.CustomTabsCallback
androidx.browser.customtabs.CustomTabsClient$1
androidx.browser.customtabs.CustomTabsClient$2$1
androidx.browser.customtabs.CustomTabsClient$2$2
androidx.browser.customtabs.CustomTabsClient$2$3
androidx.browser.customtabs.CustomTabsClient$2$4
androidx.browser.customtabs.CustomTabsClient$2$5
androidx.browser.customtabs.CustomTabsClient$2
androidx.browser.customtabs.CustomTabsClient